開始特徵視覺化，日誌檔案: logs\whisper_viz_20241219_165011.log

載入 whisper_layer_3_H/whisper_layer_3_H.pkl, 資料筆數: 27
載入 whisper_layer_3_S/whisper_layer_3_S.pkl, 資料筆數: 70
載入 whisper_layer_4_H/whisper_layer_4_H.pkl, 資料筆數: 27
載入 whisper_layer_4_S/whisper_layer_4_S.pkl, 資料筆數: 70
載入 whisper_layer_5_H/whisper_layer_5_H.pkl, 資料筆數: 27
載入 whisper_layer_5_S/whisper_layer_5_S.pkl, 資料筆數: 70

特徵維度:
健康組: (27, 1536)
病人組: (70, 1536)

=== 層級重要性 ===
第 3 層重要性比例: 0.2607
第 4 層重要性比例: 0.3245
第 5 層重要性比例: 0.4148

第 3 層分析:
平均權重: 0.0504
權重標準差: 0.0411
選擇特徵數量: 463
閾值: 0.0076
前5個重要特徵:
位置 69, 權重: 0.2182
位置 153, 權重: 0.2123
位置 3, 權重: 0.1988
位置 216, 權重: 0.1983
位置 4, 權重: 0.1774

第 4 層分析:
平均權重: 0.0627
權重標準差: 0.0520
選擇特徵數量: 476
閾值: 0.0073
前5個重要特徵:
位置 5, 權重: 0.2690
位置 286, 權重: 0.2665
位置 4, 權重: 0.2623
位置 258, 權重: 0.2539
位置 388, 權重: 0.2528

第 5 層分析:
平均權重: 0.0802
權重標準差: 0.0690
選擇特徵數量: 494
閾值: 0.0040
前5個重要特徵:
位置 388, 權重: 0.5047
位置 153, 權重: 0.4846
位置 286, 權重: 0.3373
位置 113, 權重: 0.3315
位置 3, 權重: 0.2757

=== t-SNE 參數 ===
n_components: 2
perplexity: 8
early_exaggeration: 40
learning_rate: auto
n_iter: 5000
random_state: 42

=== 群集分析 ===
健康組內平均距離: 30.2939
病人組內平均距離: 30.4095
組間距離: 6.1535
分離度 (組間/組內): 0.2027

改進後的加權 t-SNE 圖已保存至: plots\whisper_weighted_tsne_v4.png
特徵權重分布圖已保存至: plots\feature_weights_v4.png

視覺化完成！
